{"/Users/chengwinghim/Documents/Study/Study_local/tecky/Courses/projects/just-do-eat-later/controllers/exerciseController.ts": {"path":"/Users/chengwinghim/Documents/Study/Study_local/tecky/Courses/projects/just-do-eat-later/controllers/exerciseController.ts","statementMap":{"0":{"start":{"line":10,"column":16},"end":{"line":10,"column":48}},"1":{"start":{"line":11,"column":16},"end":{"line":11,"column":40}},"2":{"start":{"line":15,"column":4},"end":{"line":37,"column":null}},"3":{"start":{"line":16,"column":8},"end":{"line":36,"column":null}},"4":{"start":{"line":18,"column":37},"end":{"line":18,"column":66}},"5":{"start":{"line":19,"column":28},"end":{"line":21,"column":null}},"6":{"start":{"line":24,"column":30},"end":{"line":24,"column":99}},"7":{"start":{"line":27,"column":12},"end":{"line":30,"column":15}},"8":{"start":{"line":33,"column":12},"end":{"line":35,"column":15}},"9":{"start":{"line":39,"column":4},"end":{"line":52,"column":null}},"10":{"start":{"line":40,"column":8},"end":{"line":51,"column":null}},"11":{"start":{"line":41,"column":30},"end":{"line":41,"column":60}},"12":{"start":{"line":42,"column":27},"end":{"line":42,"column":81}},"13":{"start":{"line":43,"column":12},"end":{"line":46,"column":15}},"14":{"start":{"line":48,"column":12},"end":{"line":50,"column":15}},"15":{"start":{"line":54,"column":4},"end":{"line":76,"column":null}},"16":{"start":{"line":55,"column":8},"end":{"line":75,"column":null}},"17":{"start":{"line":56,"column":12},"end":{"line":58,"column":null}},"18":{"start":{"line":57,"column":16},"end":{"line":57,"column":51}},"19":{"start":{"line":60,"column":44},"end":{"line":60,"column":52}},"20":{"start":{"line":65,"column":12},"end":{"line":65,"column":null}},"21":{"start":{"line":68,"column":12},"end":{"line":68,"column":null}},"22":{"start":{"line":69,"column":12},"end":{"line":69,"column":null}},"23":{"start":{"line":72,"column":12},"end":{"line":74,"column":15}},"24":{"start":{"line":6,"column":0},"end":{"line":6,"column":13}}},"fnMap":{"0":{"name":"(anonymous_0)","decl":{"start":{"line":9,"column":4},"end":{"line":9,"column":null}},"loc":{"start":{"line":11,"column":40},"end":{"line":12,"column":9}}},"1":{"name":"(anonymous_1)","decl":{"start":{"line":15,"column":22},"end":{"line":15,"column":27}},"loc":{"start":{"line":15,"column":60},"end":{"line":37,"column":5}}},"2":{"name":"(anonymous_2)","decl":{"start":{"line":39,"column":21},"end":{"line":39,"column":26}},"loc":{"start":{"line":39,"column":57},"end":{"line":52,"column":5}}},"3":{"name":"(anonymous_3)","decl":{"start":{"line":54,"column":24},"end":{"line":54,"column":29}},"loc":{"start":{"line":54,"column":60},"end":{"line":76,"column":5}}}},"branchMap":{"0":{"loc":{"start":{"line":56,"column":12},"end":{"line":58,"column":null}},"type":"if","locations":[{"start":{"line":56,"column":12},"end":{"line":58,"column":null}}]}},"s":{"0":6,"1":6,"2":6,"3":2,"4":2,"5":2,"6":2,"7":1,"8":1,"9":6,"10":2,"11":2,"12":2,"13":1,"14":1,"15":6,"16":2,"17":2,"18":0,"19":1,"20":1,"21":1,"22":1,"23":1,"24":1},"f":{"0":6,"1":2,"2":2,"3":2},"b":{"0":[0]}}
,"/Users/chengwinghim/Documents/Study/Study_local/tecky/Courses/projects/just-do-eat-later/services/exerciseService.ts": {"path":"/Users/chengwinghim/Documents/Study/Study_local/tecky/Courses/projects/just-do-eat-later/services/exerciseService.ts","statementMap":{"0":{"start":{"line":6,"column":24},"end":{"line":6,"column":34}},"1":{"start":{"line":10,"column":28},"end":{"line":10,"column":30}},"2":{"start":{"line":11,"column":24},"end":{"line":22,"column":10}},"3":{"start":{"line":24,"column":8},"end":{"line":33,"column":null}},"4":{"start":{"line":25,"column":12},"end":{"line":25,"column":34}},"5":{"start":{"line":26,"column":12},"end":{"line":32,"column":null}},"6":{"start":{"line":27,"column":16},"end":{"line":31,"column":null}},"7":{"start":{"line":28,"column":20},"end":{"line":28,"column":null}},"8":{"start":{"line":28,"column":52},"end":{"line":28,"column":73}},"9":{"start":{"line":29,"column":20},"end":{"line":29,"column":53}},"10":{"start":{"line":30,"column":20},"end":{"line":30,"column":46}},"11":{"start":{"line":35,"column":29},"end":{"line":35,"column":74}},"12":{"start":{"line":37,"column":8},"end":{"line":37,"column":33}},"13":{"start":{"line":50,"column":23},"end":{"line":62,"column":18}},"14":{"start":{"line":64,"column":8},"end":{"line":64,"column":24}},"15":{"start":{"line":68,"column":20},"end":{"line":68,"column":49}},"16":{"start":{"line":69,"column":30},"end":{"line":73,"column":26}},"17":{"start":{"line":74,"column":28},"end":{"line":74,"column":55}},"18":{"start":{"line":76,"column":8},"end":{"line":106,"column":null}},"19":{"start":{"line":77,"column":28},"end":{"line":85,"column":28}},"20":{"start":{"line":87,"column":12},"end":{"line":87,"column":null}},"21":{"start":{"line":89,"column":12},"end":{"line":98,"column":null}},"22":{"start":{"line":100,"column":12},"end":{"line":100,"column":null}},"23":{"start":{"line":101,"column":12},"end":{"line":101,"column":18}},"24":{"start":{"line":103,"column":12},"end":{"line":103,"column":null}},"25":{"start":{"line":104,"column":12},"end":{"line":104,"column":33}},"26":{"start":{"line":105,"column":12},"end":{"line":105,"column":19}},"27":{"start":{"line":4,"column":0},"end":{"line":4,"column":13}}},"fnMap":{"0":{"name":"(anonymous_0)","decl":{"start":{"line":6,"column":4},"end":{"line":6,"column":24}},"loc":{"start":{"line":6,"column":34},"end":{"line":6,"column":39}}},"1":{"name":"(anonymous_1)","decl":{"start":{"line":8,"column":4},"end":{"line":8,"column":9}},"loc":{"start":{"line":8,"column":61},"end":{"line":38,"column":5}}},"2":{"name":"(anonymous_2)","decl":{"start":{"line":49,"column":4},"end":{"line":49,"column":9}},"loc":{"start":{"line":49,"column":44},"end":{"line":65,"column":5}}},"3":{"name":"(anonymous_3)","decl":{"start":{"line":67,"column":4},"end":{"line":67,"column":9}},"loc":{"start":{"line":67,"column":80},"end":{"line":108,"column":5}}}},"branchMap":{"0":{"loc":{"start":{"line":24,"column":8},"end":{"line":33,"column":null}},"type":"if","locations":[{"start":{"line":24,"column":8},"end":{"line":33,"column":null}}]},"1":{"loc":{"start":{"line":27,"column":16},"end":{"line":31,"column":null}},"type":"if","locations":[{"start":{"line":27,"column":16},"end":{"line":31,"column":null}}]},"2":{"loc":{"start":{"line":28,"column":20},"end":{"line":28,"column":null}},"type":"if","locations":[{"start":{"line":28,"column":20},"end":{"line":28,"column":null}}]}},"s":{"0":6,"1":0,"2":0,"3":0,"4":0,"5":0,"6":0,"7":0,"8":0,"9":0,"10":0,"11":0,"12":0,"13":0,"14":0,"15":0,"16":0,"17":0,"18":0,"19":0,"20":0,"21":0,"22":0,"23":0,"24":0,"25":0,"26":0,"27":1},"f":{"0":6,"1":0,"2":0,"3":0},"b":{"0":[0],"1":[0],"2":[0]}}
,"/Users/chengwinghim/Documents/Study/Study_local/tecky/Courses/projects/just-do-eat-later/services/userService.ts": {"path":"/Users/chengwinghim/Documents/Study/Study_local/tecky/Courses/projects/just-do-eat-later/services/userService.ts","statementMap":{"0":{"start":{"line":3,"column":0},"end":{"line":3,"column":44}},"1":{"start":{"line":7,"column":24},"end":{"line":7,"column":34}},"2":{"start":{"line":11,"column":19},"end":{"line":17,"column":20}},"3":{"start":{"line":19,"column":8},"end":{"line":19,"column":20}},"4":{"start":{"line":24,"column":105},"end":{"line":24,"column":112}},"5":{"start":{"line":25,"column":29},"end":{"line":25,"column":57}},"6":{"start":{"line":26,"column":20},"end":{"line":39,"column":86}},"7":{"start":{"line":41,"column":8},"end":{"line":41,"column":24}},"8":{"start":{"line":48,"column":22},"end":{"line":52,"column":21}},"9":{"start":{"line":54,"column":8},"end":{"line":54,"column":null}},"10":{"start":{"line":58,"column":8},"end":{"line":67,"column":null}},"11":{"start":{"line":59,"column":12},"end":{"line":64,"column":null}},"12":{"start":{"line":66,"column":12},"end":{"line":66,"column":null}},"13":{"start":{"line":72,"column":8},"end":{"line":91,"column":null}},"14":{"start":{"line":73,"column":12},"end":{"line":88,"column":null}},"15":{"start":{"line":74,"column":16},"end":{"line":79,"column":null}},"16":{"start":{"line":81,"column":16},"end":{"line":87,"column":null}},"17":{"start":{"line":90,"column":12},"end":{"line":90,"column":null}},"18":{"start":{"line":95,"column":8},"end":{"line":107,"column":null}},"19":{"start":{"line":96,"column":12},"end":{"line":104,"column":null}},"20":{"start":{"line":106,"column":12},"end":{"line":106,"column":null}},"21":{"start":{"line":111,"column":8},"end":{"line":121,"column":null}},"22":{"start":{"line":112,"column":12},"end":{"line":118,"column":null}},"23":{"start":{"line":120,"column":12},"end":{"line":120,"column":null}},"24":{"start":{"line":129,"column":53},"end":{"line":129,"column":60}},"25":{"start":{"line":130,"column":20},"end":{"line":138,"column":86}},"26":{"start":{"line":140,"column":8},"end":{"line":140,"column":24}},"27":{"start":{"line":144,"column":23},"end":{"line":148,"column":20}},"28":{"start":{"line":150,"column":8},"end":{"line":150,"column":null}},"29":{"start":{"line":154,"column":8},"end":{"line":165,"column":null}},"30":{"start":{"line":5,"column":0},"end":{"line":5,"column":13}}},"fnMap":{"0":{"name":"(anonymous_0)","decl":{"start":{"line":7,"column":4},"end":{"line":7,"column":24}},"loc":{"start":{"line":7,"column":34},"end":{"line":7,"column":39}}},"1":{"name":"(anonymous_1)","decl":{"start":{"line":9,"column":4},"end":{"line":9,"column":9}},"loc":{"start":{"line":9,"column":38},"end":{"line":21,"column":5}}},"2":{"name":"(anonymous_2)","decl":{"start":{"line":23,"column":4},"end":{"line":23,"column":9}},"loc":{"start":{"line":23,"column":44},"end":{"line":43,"column":5}}},"3":{"name":"(anonymous_3)","decl":{"start":{"line":46,"column":4},"end":{"line":46,"column":9}},"loc":{"start":{"line":46,"column":36},"end":{"line":55,"column":5}}},"4":{"name":"(anonymous_4)","decl":{"start":{"line":56,"column":4},"end":{"line":56,"column":9}},"loc":{"start":{"line":56,"column":44},"end":{"line":68,"column":5}}},"5":{"name":"(anonymous_5)","decl":{"start":{"line":70,"column":4},"end":{"line":70,"column":9}},"loc":{"start":{"line":70,"column":48},"end":{"line":92,"column":5}}},"6":{"name":"(anonymous_6)","decl":{"start":{"line":93,"column":4},"end":{"line":93,"column":9}},"loc":{"start":{"line":93,"column":49},"end":{"line":108,"column":5}}},"7":{"name":"(anonymous_7)","decl":{"start":{"line":109,"column":4},"end":{"line":109,"column":9}},"loc":{"start":{"line":109,"column":45},"end":{"line":122,"column":5}}},"8":{"name":"(anonymous_8)","decl":{"start":{"line":124,"column":4},"end":{"line":124,"column":9}},"loc":{"start":{"line":124,"column":20},"end":{"line":126,"column":5}}},"9":{"name":"(anonymous_9)","decl":{"start":{"line":128,"column":4},"end":{"line":128,"column":9}},"loc":{"start":{"line":128,"column":43},"end":{"line":141,"column":5}}},"10":{"name":"(anonymous_10)","decl":{"start":{"line":143,"column":4},"end":{"line":143,"column":9}},"loc":{"start":{"line":143,"column":32},"end":{"line":151,"column":5}}},"11":{"name":"(anonymous_11)","decl":{"start":{"line":153,"column":4},"end":{"line":153,"column":9}},"loc":{"start":{"line":153,"column":33},"end":{"line":166,"column":5}}}},"branchMap":{"0":{"loc":{"start":{"line":73,"column":12},"end":{"line":88,"column":null}},"type":"if","locations":[{"start":{"line":73,"column":12},"end":{"line":88,"column":null}},{"start":{"line":80,"column":19},"end":{"line":88,"column":null}}]}},"s":{"0":1,"1":6,"2":0,"3":0,"4":0,"5":0,"6":0,"7":0,"8":0,"9":0,"10":0,"11":0,"12":0,"13":0,"14":0,"15":0,"16":0,"17":0,"18":0,"19":0,"20":0,"21":0,"22":0,"23":0,"24":0,"25":0,"26":0,"27":0,"28":0,"29":0,"30":1},"f":{"0":6,"1":0,"2":0,"3":0,"4":0,"5":0,"6":0,"7":0,"8":0,"9":0,"10":0,"11":0},"b":{"0":[0,0]}}
,"/Users/chengwinghim/Documents/Study/Study_local/tecky/Courses/projects/just-do-eat-later/util/hash.ts": {"path":"/Users/chengwinghim/Documents/Study/Study_local/tecky/Courses/projects/just-do-eat-later/util/hash.ts","statementMap":{"0":{"start":{"line":1,"column":0},"end":{"line":1,"column":34}},"1":{"start":{"line":3,"column":20},"end":{"line":3,"column":21}},"2":{"start":{"line":9,"column":25},"end":{"line":9,"column":70}},"3":{"start":{"line":10,"column":4},"end":{"line":10,"column":null}},"4":{"start":{"line":8,"column":0},"end":{"line":8,"column":7}},"5":{"start":{"line":21,"column":31},"end":{"line":23,"column":null}},"6":{"start":{"line":25,"column":4},"end":{"line":25,"column":null}},"7":{"start":{"line":17,"column":0},"end":{"line":17,"column":7}}},"fnMap":{"0":{"name":"hashPassword","decl":{"start":{"line":8,"column":22},"end":{"line":8,"column":34}},"loc":{"start":{"line":8,"column":56},"end":{"line":11,"column":1}}},"1":{"name":"checkPassword","decl":{"start":{"line":17,"column":22},"end":{"line":17,"column":35}},"loc":{"start":{"line":19,"column":26},"end":{"line":26,"column":1}}}},"branchMap":{},"s":{"0":1,"1":1,"2":0,"3":0,"4":1,"5":0,"6":0,"7":1},"f":{"0":0,"1":0},"b":{}}
,"/Users/chengwinghim/Documents/Study/Study_local/tecky/Courses/projects/just-do-eat-later/util/test-helper.ts": {"path":"/Users/chengwinghim/Documents/Study/Study_local/tecky/Courses/projects/just-do-eat-later/util/test-helper.ts","statementMap":{"0":{"start":{"line":4,"column":1},"end":{"line":11,"column":null}},"1":{"start":{"line":3,"column":0},"end":{"line":3,"column":16}},"2":{"start":{"line":15,"column":1},"end":{"line":19,"column":null}},"3":{"start":{"line":14,"column":0},"end":{"line":14,"column":16}},"4":{"start":{"line":23,"column":16},"end":{"line":23,"column":43}},"5":{"start":{"line":23,"column":37},"end":{"line":23,"column":41}},"6":{"start":{"line":25,"column":1},"end":{"line":28,"column":null}},"7":{"start":{"line":26,"column":38},"end":{"line":26,"column":41}},"8":{"start":{"line":27,"column":26},"end":{"line":27,"column":30}},"9":{"start":{"line":22,"column":0},"end":{"line":22,"column":16}}},"fnMap":{"0":{"name":"createRequestWithSession","decl":{"start":{"line":3,"column":16},"end":{"line":3,"column":40}},"loc":{"start":{"line":3,"column":40},"end":{"line":12,"column":1}}},"1":{"name":"createEmptyRequest","decl":{"start":{"line":14,"column":16},"end":{"line":14,"column":34}},"loc":{"start":{"line":14,"column":34},"end":{"line":20,"column":1}}},"2":{"name":"createEmptyResponse","decl":{"start":{"line":22,"column":16},"end":{"line":22,"column":35}},"loc":{"start":{"line":22,"column":35},"end":{"line":29,"column":1}}},"3":{"name":"(anonymous_3)","decl":{"start":{"line":23,"column":31},"end":{"line":23,"column":34}},"loc":{"start":{"line":23,"column":37},"end":{"line":23,"column":41}}},"4":{"name":"(anonymous_4)","decl":{"start":{"line":26,"column":18},"end":{"line":26,"column":19}},"loc":{"start":{"line":26,"column":38},"end":{"line":26,"column":41}}},"5":{"name":"(anonymous_5)","decl":{"start":{"line":27,"column":20},"end":{"line":27,"column":23}},"loc":{"start":{"line":27,"column":26},"end":{"line":27,"column":30}}}},"branchMap":{},"s":{"0":6,"1":1,"2":6,"3":1,"4":6,"5":6,"6":6,"7":12,"8":0,"9":1},"f":{"0":6,"1":6,"2":6,"3":6,"4":12,"5":0},"b":{}}
}
