TN:
SF:controllers/exerciseController.ts
FN:9,(anonymous_0)
FN:15,(anonymous_1)
FN:39,(anonymous_2)
FN:54,(anonymous_3)
FNF:4
FNH:4
FNDA:6,(anonymous_0)
FNDA:2,(anonymous_1)
FNDA:2,(anonymous_2)
FNDA:2,(anonymous_3)
DA:6,1
DA:10,6
DA:11,6
DA:15,6
DA:16,2
DA:18,2
DA:19,2
DA:24,2
DA:27,1
DA:33,1
DA:39,6
DA:40,2
DA:41,2
DA:42,2
DA:43,1
DA:48,1
DA:54,6
DA:55,2
DA:56,2
DA:57,0
DA:60,1
DA:65,1
DA:68,1
DA:69,1
DA:72,1
LF:25
LH:24
BRDA:56,0,0,0
BRF:1
BRH:0
end_of_record
TN:
SF:services/exerciseService.ts
FN:6,(anonymous_0)
FN:8,(anonymous_1)
FN:49,(anonymous_2)
FN:67,(anonymous_3)
FNF:4
FNH:1
FNDA:6,(anonymous_0)
FNDA:0,(anonymous_1)
FNDA:0,(anonymous_2)
FNDA:0,(anonymous_3)
DA:4,1
DA:6,6
DA:10,0
DA:11,0
DA:24,0
DA:25,0
DA:26,0
DA:27,0
DA:28,0
DA:29,0
DA:30,0
DA:35,0
DA:37,0
DA:50,0
DA:64,0
DA:68,0
DA:69,0
DA:74,0
DA:76,0
DA:77,0
DA:87,0
DA:89,0
DA:100,0
DA:101,0
DA:103,0
DA:104,0
DA:105,0
LF:27
LH:2
BRDA:24,0,0,0
BRDA:27,1,0,0
BRDA:28,2,0,0
BRF:3
BRH:0
end_of_record
TN:
SF:services/userService.ts
FN:7,(anonymous_0)
FN:9,(anonymous_1)
FN:23,(anonymous_2)
FN:46,(anonymous_3)
FN:56,(anonymous_4)
FN:70,(anonymous_5)
FN:93,(anonymous_6)
FN:109,(anonymous_7)
FN:124,(anonymous_8)
FN:128,(anonymous_9)
FN:143,(anonymous_10)
FN:153,(anonymous_11)
FNF:12
FNH:1
FNDA:6,(anonymous_0)
FNDA:0,(anonymous_1)
FNDA:0,(anonymous_2)
FNDA:0,(anonymous_3)
FNDA:0,(anonymous_4)
FNDA:0,(anonymous_5)
FNDA:0,(anonymous_6)
FNDA:0,(anonymous_7)
FNDA:0,(anonymous_8)
FNDA:0,(anonymous_9)
FNDA:0,(anonymous_10)
FNDA:0,(anonymous_11)
DA:3,1
DA:5,1
DA:7,6
DA:11,0
DA:19,0
DA:24,0
DA:25,0
DA:26,0
DA:41,0
DA:48,0
DA:54,0
DA:58,0
DA:59,0
DA:66,0
DA:72,0
DA:73,0
DA:74,0
DA:81,0
DA:90,0
DA:95,0
DA:96,0
DA:106,0
DA:111,0
DA:112,0
DA:120,0
DA:129,0
DA:130,0
DA:140,0
DA:144,0
DA:150,0
DA:154,0
LF:31
LH:3
BRDA:73,0,0,0
BRDA:73,0,1,0
BRF:2
BRH:0
end_of_record
TN:
SF:util/hash.ts
FN:8,hashPassword
FN:17,checkPassword
FNF:2
FNH:0
FNDA:0,hashPassword
FNDA:0,checkPassword
DA:1,1
DA:3,1
DA:8,1
DA:9,0
DA:10,0
DA:17,1
DA:21,0
DA:25,0
LF:8
LH:4
BRF:0
BRH:0
end_of_record
TN:
SF:util/test-helper.ts
FN:3,createRequestWithSession
FN:14,createEmptyRequest
FN:22,createEmptyResponse
FN:23,(anonymous_3)
FN:26,(anonymous_4)
FN:27,(anonymous_5)
FNF:6
FNH:5
FNDA:6,createRequestWithSession
FNDA:6,createEmptyRequest
FNDA:6,createEmptyResponse
FNDA:6,(anonymous_3)
FNDA:12,(anonymous_4)
FNDA:0,(anonymous_5)
DA:3,1
DA:4,6
DA:14,1
DA:15,6
DA:22,1
DA:23,6
DA:25,6
DA:26,12
DA:27,0
LF:9
LH:8
BRF:0
BRH:0
end_of_record
